/*C3*/SET SCHEMA PUBLIC
\u000a    drop table place if exists
\u000a    drop sequence hibernate_sequence if exists
create sequence hibernate_sequence start with 1 increment by 1
\u000a    create table place (\u000a       id bigint not null,\u000a        formatted_address varchar(255),\u000a        primary key (id)\u000a    )
/*C13*/SET SCHEMA PUBLIC
INSERT INTO PLACE VALUES(1,'Mitre 1623')
COMMIT
/*C3*/ALTER SEQUENCE PUBLIC.HIBERNATE_SEQUENCE RESTART WITH 2
INSERT INTO PLACE VALUES(2,'asdfasdf')
ALTER SEQUENCE PUBLIC.HIBERNATE_SEQUENCE RESTART WITH 3
COMMIT
INSERT INTO PLACE VALUES(3,'Calle falsa 123')
ALTER SEQUENCE PUBLIC.HIBERNATE_SEQUENCE RESTART WITH 4
COMMIT
INSERT INTO PLACE VALUES(4,'dsfaafsd')
ALTER SEQUENCE PUBLIC.HIBERNATE_SEQUENCE RESTART WITH 5
COMMIT
INSERT INTO PLACE VALUES(5,'Nueva')
ALTER SEQUENCE PUBLIC.HIBERNATE_SEQUENCE RESTART WITH 6
COMMIT
/*C4*/SET SCHEMA PUBLIC
DISCONNECT
/*C12*/SET SCHEMA PUBLIC
DISCONNECT
/*C3*/DISCONNECT
/*C5*/SET SCHEMA PUBLIC
DISCONNECT
/*C6*/SET SCHEMA PUBLIC
DISCONNECT
/*C9*/SET SCHEMA PUBLIC
DISCONNECT
/*C11*/SET SCHEMA PUBLIC
DISCONNECT
/*C7*/SET SCHEMA PUBLIC
DISCONNECT
/*C10*/SET SCHEMA PUBLIC
DISCONNECT
/*C8*/SET SCHEMA PUBLIC
DISCONNECT
